<?xml version="1.0" encoding="UTF-8"?>
<robot generator="Robot 7.4.2 (Python 3.12.12 on linux)" generated="2026-05-28T16:24:22.906088" rpa="false" schemaversion="5">
<suite id="s1" name="desktop-security-center" source="/tmp/tmpwspt3lw1">
<suite id="s1-s1" name="Desktop-Security-Center-Check-Key-Failure" source="/tmp/tmpwspt3lw1/desktop-security-center-check-key-failure">
<suite id="s1-s1-s1" name="Desktop-Security-Center-Check-Key-Failure" source="/tmp/tmpwspt3lw1/desktop-security-center-check-key-failure/desktop-security-center-check-key-failure.robot">
<test id="s1-s1-s1-t1" name="Log In" line="14">
<kw name="Log In" owner="common">
<kw name="Match Text" owner="VideoInput">
<msg time="2026-05-28T16:24:45.542307" level="INFO">Looking for 'Not listed'
None</msg>
<errors>
</errors>
</robot>
